Using pre-set license
Built from '2021.1/release' branch; Version is '2021.1.16f1 (5fa502fca597) revision 6268162'; Using compiler version '192528614'; Build Type 'Release'
OS: 'Windows 10 Home; OS build 22000.184; Version 2009; 64bit' Language: 'en' Physical Memory: 12084 MB
BatchMode: 1, IsHumanControllingUs: 0, StartBugReporterOnCrash: 0, Is64bit: 1, IsPro: 0

 COMMAND LINE ARGUMENTS:
C:\Program Files\Unity\Hub\Editor\2021.1.16f1\Editor\Unity.exe
-adb2
-batchMode
-noUpm
-name
AssetImportWorker0
-projectPath
C:/Users/brean/ARVR/holbertonschool-unity/0x06-unity-assets_ui
-logFile
Logs/AssetImportWorker0.log
-srvPort
50987
Successfully changed project path to: C:/Users/brean/ARVR/holbertonschool-unity/0x06-unity-assets_ui
C:/Users/brean/ARVR/holbertonschool-unity/0x06-unity-assets_ui
Using Asset Import Pipeline V2.
Refreshing native plugins compatible for Editor in 76.67 ms, found 3 plugins.
Preloading 0 native plugins for Editor in 0.00 ms.
Initialize engine version: 2021.1.16f1 (5fa502fca597)
[Subsystems] Discovering subsystems at path C:/Program Files/Unity/Hub/Editor/2021.1.16f1/Editor/Data/Resources/UnitySubsystems
[Subsystems] Discovering subsystems at path C:/Users/brean/ARVR/holbertonschool-unity/0x06-unity-assets_ui/Assets
GfxDevice: creating device client; threaded=0; jobified=0
Direct3D:
    Version:  Direct3D 11.0 [level 11.1]
    Renderer: Intel(R) UHD Graphics (ID=0x9b41)
    Vendor:   Intel
    VRAM:     6042 MB
    Driver:   27.20.100.8729
Initialize mono
Mono path[0] = 'C:/Program Files/Unity/Hub/Editor/2021.1.16f1/Editor/Data/Managed'
Mono path[1] = 'C:/Program Files/Unity/Hub/Editor/2021.1.16f1/Editor/Data/MonoBleedingEdge/lib/mono/unityjit'
Mono config path = 'C:/Program Files/Unity/Hub/Editor/2021.1.16f1/Editor/Data/MonoBleedingEdge/etc'
Using monoOptions --debugger-agent=transport=dt_socket,embedding=1,server=y,suspend=n,address=127.0.0.1:56936
Begin MonoManager ReloadAssembly
Registering precompiled unity dll's ...
Register platform support module: C:/Program Files/Unity/Hub/Editor/2021.1.16f1/Editor/Data/PlaybackEngines/WebGLSupport/UnityEditor.WebGL.Extensions.dll
Register platform support module: C:/Program Files/Unity/Hub/Editor/2021.1.16f1/Editor/Data/PlaybackEngines/MacStandaloneSupport/UnityEditor.OSXStandalone.Extensions.dll
Register platform support module: C:/Program Files/Unity/Hub/Editor/2021.1.16f1/Editor/Data/PlaybackEngines/WindowsStandaloneSupport/UnityEditor.WindowsStandalone.Extensions.dll
Register platform support module: C:/Program Files/Unity/Hub/Editor/2021.1.16f1/Editor/Data/PlaybackEngines/LinuxStandaloneSupport/UnityEditor.LinuxStandalone.Extensions.dll
Registered in 0.002263 seconds.
Native extension for LinuxStandalone target not found
Native extension for WindowsStandalone target not found
Native extension for OSXStandalone target not found
Native extension for WebGL target not found
Refreshing native plugins compatible for Editor in 79.27 ms, found 3 plugins.
Preloading 0 native plugins for Editor in 0.00 ms.
Mono: successfully reloaded assembly
- Completed reload, in  1.786 seconds
Domain Reload Profiling:
	ReloadAssembly (1786ms)
		BeginReloadAssembly (85ms)
			ExecutionOrderSort (0ms)
			DisableScriptedObjects (0ms)
			BackupInstance (0ms)
			ReleaseScriptingObjects (0ms)
			CreateAndSetChildDomain (1ms)
		EndReloadAssembly (500ms)
			LoadAssemblies (84ms)
			RebuildTransferFunctionScriptingTraits (0ms)
			SetupTypeCache (178ms)
			ReleaseScriptCaches (0ms)
			RebuildScriptCaches (33ms)
			SetupLoadedEditorAssemblies (242ms)
				LogAssemblyErrors (0ms)
				InitializePlatformSupportModulesInManaged (9ms)
				SetLoadedEditorAssemblies (0ms)
				RefreshPlugins (79ms)
				BeforeProcessingInitializeOnLoad (1ms)
				ProcessInitializeOnLoadAttributes (118ms)
				ProcessInitializeOnLoadMethodAttributes (34ms)
				AfterProcessingInitializeOnLoad (0ms)
				EditorAssembliesLoaded (0ms)
			ExecutionOrderSort2 (0ms)
			AwakeInstancesAfterBackupRestoration (0ms)
Platform modules already initialized, skipping
Registering precompiled user dll's ...
Registered in 0.004049 seconds.
Begin MonoManager ReloadAssembly
Symbol file LoadedFromMemory doesn't match image C:\Users\brean\ARVR\holbertonschool-unity\0x06-unity-assets_ui\Library\PackageCache\com.unity.visualscripting@1.6.1\Editor\VisualScripting.Core\Dependencies\YamlDotNet\Unity.VisualScripting.YamlDotNet.dll
Symbol file LoadedFromMemory doesn't match image C:\Users\brean\ARVR\holbertonschool-unity\0x06-unity-assets_ui\Library\PackageCache\com.unity.visualscripting@1.6.1\Editor\VisualScripting.Core\Dependencies\DotNetZip\Unity.VisualScripting.IonicZip.dll
Native extension for LinuxStandalone target not found
Native extension for WindowsStandalone target not found
Native extension for OSXStandalone target not found
Native extension for WebGL target not found
Refreshing native plugins compatible for Editor in 0.57 ms, found 3 plugins.
Preloading 0 native plugins for Editor in 0.00 ms.
Mono: successfully reloaded assembly
- Completed reload, in  1.236 seconds
Domain Reload Profiling:
	ReloadAssembly (1237ms)
		BeginReloadAssembly (161ms)
			ExecutionOrderSort (0ms)
			DisableScriptedObjects (4ms)
			BackupInstance (0ms)
			ReleaseScriptingObjects (0ms)
			CreateAndSetChildDomain (22ms)
		EndReloadAssembly (1020ms)
			LoadAssemblies (108ms)
			RebuildTransferFunctionScriptingTraits (0ms)
			SetupTypeCache (334ms)
			ReleaseScriptCaches (1ms)
			RebuildScriptCaches (51ms)
			SetupLoadedEditorAssemblies (432ms)
				LogAssemblyErrors (0ms)
				InitializePlatformSupportModulesInManaged (8ms)
				SetLoadedEditorAssemblies (0ms)
				RefreshPlugins (1ms)
				BeforeProcessingInitializeOnLoad (69ms)
				ProcessInitializeOnLoadAttributes (344ms)
				ProcessInitializeOnLoadMethodAttributes (5ms)
				AfterProcessingInitializeOnLoad (4ms)
				EditorAssembliesLoaded (0ms)
			ExecutionOrderSort2 (0ms)
			AwakeInstancesAfterBackupRestoration (7ms)
Platform modules already initialized, skipping
========================================================================
Worker process is ready to serve import requests
Launched and connected shader compiler UnityShaderCompiler.exe after 0.10 seconds
Refreshing native plugins compatible for Editor in 1.16 ms, found 3 plugins.
Preloading 0 native plugins for Editor in 0.00 ms.
Unloading 2954 Unused Serialized files (Serialized files now loaded: 0)
System memory in use before: 108.3 MB.
System memory in use after: 108.5 MB.

Unloading 22 unused Assets to reduce memory usage. Loaded Objects now: 3401.
Total: 5.484000 ms (FindLiveObjects: 0.579200 ms CreateObjectMapping: 0.532200 ms MarkObjects: 4.276600 ms  DeleteObjects: 0.094100 ms)

AssetImportParameters requested are different than current active one (requested -> active):
  custom:framework-win-MediaFoundation: 216162199b28c13a410421893ffa2e32 -> 
  custom:video-decoder-ogg-theora: a1e56fd34408186e4bbccfd4996cb3dc -> 
  custom:container-muxer-webm: aa71ff27fc2769a1b78a27578f13a17b -> 
  custom:container-demuxer-webm: 4f35f7cbe854078d1ac9338744f61a02 -> 
  custom:container-demuxer-ogg: 62fdf1f143b41e24485cea50d1cbac27 -> 
  custom:video-encoder-webm-vp8: eb34c28f22e8b96e1ab97ce403110664 -> 
  custom:video-codec-MediaFoundation-h265: 746d11721c4dcdbdad8f713fa42b33f4 -> 
  custom:video-decoder-webm-vp8: 9c59270c3fd7afecdb556c50c9e8de78 -> 
  custom:audio-decoder-ogg-vorbis: bf7c407c2cedff20999df2af8eb42d56 -> 
  custom:audio-encoder-webm-vorbis: bf7c407c2cedff20999df2af8eb42d56 -> 
========================================================================
Received Import Request.
  path: Assets/Scenes/Level01.unity
  artifactKey: Guid(9fc0d4010bbf28b4594072e72b8655ab) Importer(815301076,1909f56bfc062723c751e8b465ee728b)
Start importing Assets/Scenes/Level01.unity using Guid(9fc0d4010bbf28b4594072e72b8655ab) Importer(815301076,1909f56bfc062723c751e8b465ee728b)  -> (artifact id: '5f3b922afcb330abaaf9e26807b858db') in 0.030461 seconds 
========================================================================
Received Import Request.
  Time since last request: 23.306115 seconds.
  path: Assets/Scenes/New Prefab.prefab
  artifactKey: Guid(5b64c6a8603cd094eadfc8c8bde34f34) Importer(815301076,1909f56bfc062723c751e8b465ee728b)
Start importing Assets/Scenes/New Prefab.prefab using Guid(5b64c6a8603cd094eadfc8c8bde34f34) Importer(815301076,1909f56bfc062723c751e8b465ee728b)  -> (artifact id: '5501c303ca50ab92b7c8c8134f7f1632') in 0.047143 seconds 
========================================================================
Received Import Request.
  Time since last request: 12.436981 seconds.
  path: Assets/Scenes
  artifactKey: Guid(61354786791d42c4f9b45fbe03fae632) Importer(815301076,1909f56bfc062723c751e8b465ee728b)
Start importing Assets/Scenes using Guid(61354786791d42c4f9b45fbe03fae632) Importer(815301076,1909f56bfc062723c751e8b465ee728b)  -> (artifact id: '2e988c70f0c45d11970ed5b1b48860ce') in 0.013438 seconds 
========================================================================
Received Import Request.
  Time since last request: 159.395292 seconds.
  path: Assets/Scenes/Level02.unity
  artifactKey: Guid(47f21e6f0ecd2ef42bae8e385c7f3bee) Importer(815301076,1909f56bfc062723c751e8b465ee728b)
Start importing Assets/Scenes/Level02.unity using Guid(47f21e6f0ecd2ef42bae8e385c7f3bee) Importer(815301076,1909f56bfc062723c751e8b465ee728b)  -> (artifact id: '0168ba5425268d15763af350df33389b') in 0.016161 seconds 
========================================================================
Received Import Request.
  Time since last request: 111.531424 seconds.
  path: ProjectSettings/TagManager.asset
  artifactKey: Guid(00000000000000003000000000000000) Importer(815301076,1909f56bfc062723c751e8b465ee728b)
Start importing ProjectSettings/TagManager.asset using Guid(00000000000000003000000000000000) Importer(815301076,1909f56bfc062723c751e8b465ee728b)  -> (artifact id: '33dba394a671536d507ff5ee1ab93cc2') in 0.013151 seconds 
========================================================================
Received Import Request.
  Time since last request: 112.267035 seconds.
  path: ProjectSettings/TagManager.asset
  artifactKey: Guid(00000000000000003000000000000000) Importer(815301076,1909f56bfc062723c751e8b465ee728b)
Start importing ProjectSettings/TagManager.asset using Guid(00000000000000003000000000000000) Importer(815301076,1909f56bfc062723c751e8b465ee728b)  -> (artifact id: '21c357d9145d3f327a7a9cd543630e84') in 0.008328 seconds 
========================================================================
Received Prepare
Registering precompiled user dll's ...
Registered in 0.004221 seconds.
Begin MonoManager ReloadAssembly
Symbol file LoadedFromMemory doesn't match image C:\Users\brean\ARVR\holbertonschool-unity\0x06-unity-assets_ui\Library\PackageCache\com.unity.visualscripting@1.6.1\Editor\VisualScripting.Core\Dependencies\YamlDotNet\Unity.VisualScripting.YamlDotNet.dll
Symbol file LoadedFromMemory doesn't match image C:\Users\brean\ARVR\holbertonschool-unity\0x06-unity-assets_ui\Library\PackageCache\com.unity.visualscripting@1.6.1\Editor\VisualScripting.Core\Dependencies\DotNetZip\Unity.VisualScripting.IonicZip.dll
Native extension for LinuxStandalone target not found
Native extension for WindowsStandalone target not found
Native extension for OSXStandalone target not found
Native extension for WebGL target not found
Refreshing native plugins compatible for Editor in 0.71 ms, found 3 plugins.
Preloading 0 native plugins for Editor in 0.00 ms.
Mono: successfully reloaded assembly
- Completed reload, in  1.399 seconds
Domain Reload Profiling:
	ReloadAssembly (1400ms)
		BeginReloadAssembly (189ms)
			ExecutionOrderSort (0ms)
			DisableScriptedObjects (9ms)
			BackupInstance (0ms)
			ReleaseScriptingObjects (0ms)
			CreateAndSetChildDomain (55ms)
		EndReloadAssembly (1113ms)
			LoadAssemblies (144ms)
			RebuildTransferFunctionScriptingTraits (0ms)
			SetupTypeCache (433ms)
			ReleaseScriptCaches (1ms)
			RebuildScriptCaches (45ms)
			SetupLoadedEditorAssemblies (410ms)
				LogAssemblyErrors (0ms)
				InitializePlatformSupportModulesInManaged (9ms)
				SetLoadedEditorAssemblies (0ms)
				RefreshPlugins (1ms)
				BeforeProcessingInitializeOnLoad (58ms)
				ProcessInitializeOnLoadAttributes (332ms)
				ProcessInitializeOnLoadMethodAttributes (4ms)
				AfterProcessingInitializeOnLoad (5ms)
				EditorAssembliesLoaded (0ms)
			ExecutionOrderSort2 (0ms)
			AwakeInstancesAfterBackupRestoration (8ms)
Platform modules already initialized, skipping
Refreshing native plugins compatible for Editor in 0.86 ms, found 3 plugins.
Preloading 0 native plugins for Editor in 0.00 ms.
Unloading 2949 Unused Serialized files (Serialized files now loaded: 0)
System memory in use before: 108.2 MB.
System memory in use after: 108.5 MB.

Unloading 19 unused Assets to reduce memory usage. Loaded Objects now: 3405.
Total: 4.825100 ms (FindLiveObjects: 0.380900 ms CreateObjectMapping: 0.253400 ms MarkObjects: 4.145400 ms  DeleteObjects: 0.043400 ms)

AssetImportParameters requested are different than current active one (requested -> active):
  custom:framework-win-MediaFoundation: 216162199b28c13a410421893ffa2e32 -> 
  custom:video-decoder-ogg-theora: a1e56fd34408186e4bbccfd4996cb3dc -> 
  custom:container-muxer-webm: aa71ff27fc2769a1b78a27578f13a17b -> 
  custom:container-demuxer-webm: 4f35f7cbe854078d1ac9338744f61a02 -> 
  custom:container-demuxer-ogg: 62fdf1f143b41e24485cea50d1cbac27 -> 
  custom:video-encoder-webm-vp8: eb34c28f22e8b96e1ab97ce403110664 -> 
  custom:video-codec-MediaFoundation-h265: 746d11721c4dcdbdad8f713fa42b33f4 -> 
  custom:video-decoder-webm-vp8: 9c59270c3fd7afecdb556c50c9e8de78 -> 
  custom:audio-decoder-ogg-vorbis: bf7c407c2cedff20999df2af8eb42d56 -> 
  custom:audio-encoder-webm-vorbis: bf7c407c2cedff20999df2af8eb42d56 -> 
========================================================================
Received Prepare
Registering precompiled user dll's ...
Registered in 0.005301 seconds.
Begin MonoManager ReloadAssembly
Symbol file LoadedFromMemory doesn't match image C:\Users\brean\ARVR\holbertonschool-unity\0x06-unity-assets_ui\Library\PackageCache\com.unity.visualscripting@1.6.1\Editor\VisualScripting.Core\Dependencies\YamlDotNet\Unity.VisualScripting.YamlDotNet.dll
Symbol file LoadedFromMemory doesn't match image C:\Users\brean\ARVR\holbertonschool-unity\0x06-unity-assets_ui\Library\PackageCache\com.unity.visualscripting@1.6.1\Editor\VisualScripting.Core\Dependencies\DotNetZip\Unity.VisualScripting.IonicZip.dll
Native extension for LinuxStandalone target not found
Native extension for WindowsStandalone target not found
Native extension for OSXStandalone target not found
Native extension for WebGL target not found
Refreshing native plugins compatible for Editor in 0.97 ms, found 3 plugins.
Preloading 0 native plugins for Editor in 0.00 ms.
Mono: successfully reloaded assembly
- Completed reload, in  1.268 seconds
Domain Reload Profiling:
	ReloadAssembly (1268ms)
		BeginReloadAssembly (133ms)
			ExecutionOrderSort (0ms)
			DisableScriptedObjects (5ms)
			BackupInstance (0ms)
			ReleaseScriptingObjects (0ms)
			CreateAndSetChildDomain (46ms)
		EndReloadAssembly (1072ms)
			LoadAssemblies (110ms)
			RebuildTransferFunctionScriptingTraits (0ms)
			SetupTypeCache (392ms)
			ReleaseScriptCaches (1ms)
			RebuildScriptCaches (47ms)
			SetupLoadedEditorAssemblies (417ms)
				LogAssemblyErrors (0ms)
				InitializePlatformSupportModulesInManaged (12ms)
				SetLoadedEditorAssemblies (1ms)
				RefreshPlugins (1ms)
				BeforeProcessingInitializeOnLoad (56ms)
				ProcessInitializeOnLoadAttributes (337ms)
				ProcessInitializeOnLoadMethodAttributes (5ms)
				AfterProcessingInitializeOnLoad (5ms)
				EditorAssembliesLoaded (0ms)
			ExecutionOrderSort2 (0ms)
			AwakeInstancesAfterBackupRestoration (9ms)
Platform modules already initialized, skipping
Refreshing native plugins compatible for Editor in 0.77 ms, found 3 plugins.
Preloading 0 native plugins for Editor in 0.00 ms.
Unloading 2949 Unused Serialized files (Serialized files now loaded: 0)
System memory in use before: 108.3 MB.
System memory in use after: 108.5 MB.

Unloading 17 unused Assets to reduce memory usage. Loaded Objects now: 3408.
Total: 4.155700 ms (FindLiveObjects: 0.311600 ms CreateObjectMapping: 0.222100 ms MarkObjects: 3.585500 ms  DeleteObjects: 0.034800 ms)

AssetImportParameters requested are different than current active one (requested -> active):
  custom:framework-win-MediaFoundation: 216162199b28c13a410421893ffa2e32 -> 
  custom:video-decoder-ogg-theora: a1e56fd34408186e4bbccfd4996cb3dc -> 
  custom:container-muxer-webm: aa71ff27fc2769a1b78a27578f13a17b -> 
  custom:container-demuxer-webm: 4f35f7cbe854078d1ac9338744f61a02 -> 
  custom:container-demuxer-ogg: 62fdf1f143b41e24485cea50d1cbac27 -> 
  custom:video-encoder-webm-vp8: eb34c28f22e8b96e1ab97ce403110664 -> 
  custom:video-codec-MediaFoundation-h265: 746d11721c4dcdbdad8f713fa42b33f4 -> 
  custom:video-decoder-webm-vp8: 9c59270c3fd7afecdb556c50c9e8de78 -> 
  custom:audio-decoder-ogg-vorbis: bf7c407c2cedff20999df2af8eb42d56 -> 
  custom:audio-encoder-webm-vorbis: bf7c407c2cedff20999df2af8eb42d56 -> 
========================================================================
Received Import Request.
  Time since last request: 1723.631682 seconds.
  path: Assets/Scenes/Level01.scenetemplate
  artifactKey: Guid(08e7c11eda884084eab06873d82bb27a) Importer(815301076,1909f56bfc062723c751e8b465ee728b)
Start importing Assets/Scenes/Level01.scenetemplate using Guid(08e7c11eda884084eab06873d82bb27a) Importer(815301076,1909f56bfc062723c751e8b465ee728b)  -> (artifact id: 'bfec08c236774c1240e4b25f5ac4c21a') in 0.160511 seconds 
========================================================================
Received Import Request.
  Time since last request: 63.178112 seconds.
  path: Assets/Scenes/Level02.unity
  artifactKey: Guid(adc17e475b276034dada35078fcc07dc) Importer(815301076,1909f56bfc062723c751e8b465ee728b)
Start importing Assets/Scenes/Level02.unity using Guid(adc17e475b276034dada35078fcc07dc) Importer(815301076,1909f56bfc062723c751e8b465ee728b)  -> (artifact id: '79047d4f48c7911d5dd6584c496636ee') in 0.014634 seconds 
========================================================================
Received Import Request.
  Time since last request: 9.664935 seconds.
  path: Assets/Scenes/Level02
  artifactKey: Guid(22c3cf7aed876c84b956c363070a35fd) Importer(815301076,1909f56bfc062723c751e8b465ee728b)
Start importing Assets/Scenes/Level02 using Guid(22c3cf7aed876c84b956c363070a35fd) Importer(815301076,1909f56bfc062723c751e8b465ee728b)  -> (artifact id: '80630b09e4483dbd842623a966652af2') in 0.015001 seconds 
========================================================================
Received Import Request.
  Time since last request: 2.183153 seconds.
  path: Assets/Scenes/Level02/Fall_Leafs.mat
  artifactKey: Guid(86523a9655921cc409185ff446306d04) Importer(815301076,1909f56bfc062723c751e8b465ee728b)
Start importing Assets/Scenes/Level02/Fall_Leafs.mat using Guid(86523a9655921cc409185ff446306d04) Importer(815301076,1909f56bfc062723c751e8b465ee728b)  -> (artifact id: '04bc45820530dc414f2f59f3c33622e5') in 0.147675 seconds 
========================================================================
Received Import Request.
  Time since last request: 0.333013 seconds.
  path: Assets/Scenes/Level02/Flag.mat
  artifactKey: Guid(9235a8d1bbcbe864095f1e921501a824) Importer(815301076,1909f56bfc062723c751e8b465ee728b)
Start importing Assets/Scenes/Level02/Flag.mat using Guid(9235a8d1bbcbe864095f1e921501a824) Importer(815301076,1909f56bfc062723c751e8b465ee728b)  -> (artifact id: '6d3f161e12caadd78dd297dc6d540c5d') in 0.021459 seconds 
========================================================================
Received Import Request.
  Time since last request: 0.508046 seconds.
  path: Assets/Scenes/Level02/FrontColor.mat
  artifactKey: Guid(f06cbfcd132c7074782ddd29cf30bea2) Importer(815301076,1909f56bfc062723c751e8b465ee728b)
Start importing Assets/Scenes/Level02/FrontColor.mat using Guid(f06cbfcd132c7074782ddd29cf30bea2) Importer(815301076,1909f56bfc062723c751e8b465ee728b)  -> (artifact id: 'd5417d92cdaa8a3854073517fae02e5c') in 0.017785 seconds 
========================================================================
Received Import Request.
  Time since last request: 0.378379 seconds.
  path: Assets/Scenes/Level02/Green_leafs.mat
  artifactKey: Guid(7890e81ea718fe344995f3d32b5b105f) Importer(815301076,1909f56bfc062723c751e8b465ee728b)
Start importing Assets/Scenes/Level02/Green_leafs.mat using Guid(7890e81ea718fe344995f3d32b5b105f) Importer(815301076,1909f56bfc062723c751e8b465ee728b)  -> (artifact id: 'c901e4ff6c7a28a24bde808350d45bcf') in 0.188042 seconds 
========================================================================
Received Import Request.
  Time since last request: 0.000290 seconds.
  path: Assets/Scenes/Level02/Leafs.mat
  artifactKey: Guid(dc8cd425c2820534688f7cdbaec51eda) Importer(815301076,1909f56bfc062723c751e8b465ee728b)
Start importing Assets/Scenes/Level02/Leafs.mat using Guid(dc8cd425c2820534688f7cdbaec51eda) Importer(815301076,1909f56bfc062723c751e8b465ee728b)  -> (artifact id: '83590f2f7854478b312774b336fd309f') in 0.022614 seconds 
========================================================================
Received Import Request.
  Time since last request: 0.000495 seconds.
  path: Assets/Scenes/Level02/Light_Wood.mat
  artifactKey: Guid(feffee08b1d1dec43981862b025c24f8) Importer(815301076,1909f56bfc062723c751e8b465ee728b)
Start importing Assets/Scenes/Level02/Light_Wood.mat using Guid(feffee08b1d1dec43981862b025c24f8) Importer(815301076,1909f56bfc062723c751e8b465ee728b)  -> (artifact id: 'c70a554a85bdfc3eb950032dea79b3e5') in 0.021474 seconds 
========================================================================
Received Import Request.
  Time since last request: 0.406122 seconds.
  path: Assets/Scenes/Level02/Mushroom_Red.mat
  artifactKey: Guid(4fb814aa7ef24d84a8d95241fbe92cbd) Importer(815301076,1909f56bfc062723c751e8b465ee728b)
Start importing Assets/Scenes/Level02/Mushroom_Red.mat using Guid(4fb814aa7ef24d84a8d95241fbe92cbd) Importer(815301076,1909f56bfc062723c751e8b465ee728b)  -> (artifact id: '38c8b9cd8226200adb25bf39fdd7913b') in 0.017977 seconds 
========================================================================
Received Import Request.
  Time since last request: 353.180057 seconds.
  path: Assets/Scenes/Level01.scenetemplate
  artifactKey: Guid(08e7c11eda884084eab06873d82bb27a) Importer(815301076,1909f56bfc062723c751e8b465ee728b)
Start importing Assets/Scenes/Level01.scenetemplate using Guid(08e7c11eda884084eab06873d82bb27a) Importer(815301076,1909f56bfc062723c751e8b465ee728b)  -> (artifact id: '41d56b69a1a92d724104b4153704c97a') in 0.108235 seconds 
========================================================================
Received Import Request.
  Time since last request: 112.589356 seconds.
  path: Assets/Scenes/Level02.unity
  artifactKey: Guid(6581e2724135253469fd04cd8132fce5) Importer(815301076,1909f56bfc062723c751e8b465ee728b)
Start importing Assets/Scenes/Level02.unity using Guid(6581e2724135253469fd04cd8132fce5) Importer(815301076,1909f56bfc062723c751e8b465ee728b)  -> (artifact id: '906aacd38c48098c3947e5422add8b0c') in 0.009393 seconds 
========================================================================
Received Import Request.
  Time since last request: 2291.633926 seconds.
  path: Assets/Prefabs/Player.prefab
  artifactKey: Guid(38ee530bc372c4740803e37e451463af) Importer(815301076,1909f56bfc062723c751e8b465ee728b)
Start importing Assets/Prefabs/Player.prefab using Guid(38ee530bc372c4740803e37e451463af) Importer(815301076,1909f56bfc062723c751e8b465ee728b)  -> (artifact id: 'facd5da9a8d8be73406f00b878888aa5') in 0.035283 seconds 
========================================================================
Received Import Request.
  Time since last request: 0.000359 seconds.
  path: Assets/Prefabs/TimerCanvas.prefab
  artifactKey: Guid(cc075d678d197e848bf08109219035df) Importer(815301076,1909f56bfc062723c751e8b465ee728b)
Start importing Assets/Prefabs/TimerCanvas.prefab using Guid(cc075d678d197e848bf08109219035df) Importer(815301076,1909f56bfc062723c751e8b465ee728b)  -> (artifact id: 'b457df7eff2c011e6a3ae88e96535701') in 0.015220 seconds 
