Using pre-set license
Built from '2020.3/staging' branch; Version is '2020.3.14f1 (d0d1bb862f9d) revision 13685179'; Using compiler version '192528614'; Build Type 'Release'
OS: 'Windows 10 Home; OS build 19043.1110; Version 2009; 64bit' Language: 'en' Physical Memory: 12084 MB
BatchMode: 1, IsHumanControllingUs: 0, StartBugReporterOnCrash: 0, Is64bit: 1, IsPro: 0

 COMMAND LINE ARGUMENTS:
C:\Program Files\Unity\Hub\Editor\2020.3.14f1\Editor\Unity.exe
-adb2
-batchMode
-noUpm
-name
AssetImportWorker0
-projectPath
C:/Users/brean/0x01-unity_concepts
-logFile
Logs/AssetImportWorker0.log
-srvPort
65070
Successfully changed project path to: C:/Users/brean/0x01-unity_concepts
C:/Users/brean/0x01-unity_concepts
Using Asset Import Pipeline V2.
Refreshing native plugins compatible for Editor in 24.69 ms, found 2 plugins.
Preloading 0 native plugins for Editor in 0.00 ms.
Initialize engine version: 2020.3.14f1 (d0d1bb862f9d)
[Subsystems] Discovering subsystems at path C:/Program Files/Unity/Hub/Editor/2020.3.14f1/Editor/Data/Resources/UnitySubsystems
[Subsystems] Discovering subsystems at path C:/Users/brean/0x01-unity_concepts/Assets
GfxDevice: creating device client; threaded=0
Direct3D:
    Version:  Direct3D 11.0 [level 11.1]
    Renderer: Intel(R) UHD Graphics (ID=0x9b41)
    Vendor:   
    VRAM:     6042 MB
    Driver:   27.20.100.8729
Initialize mono
Mono path[0] = 'C:/Program Files/Unity/Hub/Editor/2020.3.14f1/Editor/Data/Managed'
Mono path[1] = 'C:/Program Files/Unity/Hub/Editor/2020.3.14f1/Editor/Data/MonoBleedingEdge/lib/mono/unityjit'
Mono config path = 'C:/Program Files/Unity/Hub/Editor/2020.3.14f1/Editor/Data/MonoBleedingEdge/etc'
Using monoOptions --debugger-agent=transport=dt_socket,embedding=1,server=y,suspend=n,address=127.0.0.1:56908
Begin MonoManager ReloadAssembly
Registering precompiled unity dll's ...
Register platform support module: C:/Program Files/Unity/Hub/Editor/2020.3.14f1/Editor/Data/PlaybackEngines/WebGLSupport/UnityEditor.WebGL.Extensions.dll
Register platform support module: C:/Program Files/Unity/Hub/Editor/2020.3.14f1/Editor/Data/PlaybackEngines/WindowsStandaloneSupport/UnityEditor.WindowsStandalone.Extensions.dll
Registered in 0.001904 seconds.
Native extension for WindowsStandalone target not found
Native extension for WebGL target not found
Refreshing native plugins compatible for Editor in 25.46 ms, found 2 plugins.
Preloading 0 native plugins for Editor in 0.00 ms.
Mono: successfully reloaded assembly
- Completed reload, in  0.980 seconds
Domain Reload Profiling:
	ReloadAssembly (980ms)
		BeginReloadAssembly (48ms)
			ExecutionOrderSort (0ms)
			DisableScriptedObjects (0ms)
			BackupInstance (0ms)
			ReleaseScriptingObjects (0ms)
			CreateAndSetChildDomain (1ms)
		EndReloadAssembly (389ms)
			LoadAssemblies (47ms)
			RebuildTransferFunctionScriptingTraits (0ms)
			SetupTypeCache (140ms)
			ReleaseScriptCaches (0ms)
			RebuildScriptCaches (34ms)
			SetupLoadedEditorAssemblies (151ms)
				LogAssemblyErrors (0ms)
				InitializePlatformSupportModulesInManaged (5ms)
				SetLoadedEditorAssemblies (0ms)
				RefreshPlugins (26ms)
				BeforeProcessingInitializeOnLoad (7ms)
				ProcessInitializeOnLoadAttributes (84ms)
				ProcessInitializeOnLoadMethodAttributes (29ms)
				AfterProcessingInitializeOnLoad (0ms)
				EditorAssembliesLoaded (0ms)
			ExecutionOrderSort2 (0ms)
			AwakeInstancesAfterBackupRestoration (0ms)
Platform modules already initialized, skipping
Registering precompiled user dll's ...
Registered in 0.003394 seconds.
Begin MonoManager ReloadAssembly
Native extension for WindowsStandalone target not found
Native extension for WebGL target not found
Refreshing native plugins compatible for Editor in 0.31 ms, found 2 plugins.
Preloading 0 native plugins for Editor in 0.00 ms.
Mono: successfully reloaded assembly
- Completed reload, in  0.985 seconds
Domain Reload Profiling:
	ReloadAssembly (986ms)
		BeginReloadAssembly (142ms)
			ExecutionOrderSort (0ms)
			DisableScriptedObjects (4ms)
			BackupInstance (0ms)
			ReleaseScriptingObjects (0ms)
			CreateAndSetChildDomain (19ms)
		EndReloadAssembly (783ms)
			LoadAssemblies (81ms)
			RebuildTransferFunctionScriptingTraits (0ms)
			SetupTypeCache (269ms)
			ReleaseScriptCaches (0ms)
			RebuildScriptCaches (44ms)
			SetupLoadedEditorAssemblies (292ms)
				LogAssemblyErrors (0ms)
				InitializePlatformSupportModulesInManaged (6ms)
				SetLoadedEditorAssemblies (0ms)
				RefreshPlugins (0ms)
				BeforeProcessingInitializeOnLoad (54ms)
				ProcessInitializeOnLoadAttributes (221ms)
				ProcessInitializeOnLoadMethodAttributes (4ms)
				AfterProcessingInitializeOnLoad (6ms)
				EditorAssembliesLoaded (0ms)
			ExecutionOrderSort2 (0ms)
			AwakeInstancesAfterBackupRestoration (6ms)
Platform modules already initialized, skipping
========================================================================
Worker process is ready to serve import requests
Launched and connected shader compiler UnityShaderCompiler.exe after 0.04 seconds
Refreshing native plugins compatible for Editor in 0.35 ms, found 2 plugins.
Preloading 0 native plugins for Editor in 0.00 ms.
Unloading 1390 Unused Serialized files (Serialized files now loaded: 0)
System memory in use before: 64.6 MB.
System memory in use after: 64.7 MB.

Unloading 18 unused Assets to reduce memory usage. Loaded Objects now: 1824.
Total: 2.251700 ms (FindLiveObjects: 0.143400 ms CreateObjectMapping: 0.034800 ms MarkObjects: 1.994800 ms  DeleteObjects: 0.077400 ms)

AssetImportParameters requested are different than current active one (requested -> active):
  custom:framework-win-MediaFoundation: 216162199b28c13a410421893ffa2e32 -> 
  custom:video-decoder-ogg-theora: a1e56fd34408186e4bbccfd4996cb3dc -> 
  custom:container-muxer-webm: aa71ff27fc2769a1b78a27578f13a17b -> 
  custom:container-demuxer-webm: 4f35f7cbe854078d1ac9338744f61a02 -> 
  custom:container-demuxer-ogg: 62fdf1f143b41e24485cea50d1cbac27 -> 
  custom:video-encoder-webm-vp8: eb34c28f22e8b96e1ab97ce403110664 -> 
  custom:video-codec-MediaFoundation-h265: 746d11721c4dcdbdad8f713fa42b33f4 -> 
  custom:video-decoder-webm-vp8: 9c59270c3fd7afecdb556c50c9e8de78 -> 
  custom:audio-decoder-ogg-vorbis: bf7c407c2cedff20999df2af8eb42d56 -> 
  custom:audio-encoder-webm-vorbis: bf7c407c2cedff20999df2af8eb42d56 -> 
========================================================================
Received Import Request.
  path: Assets/0-floor.unity
  artifactKey: Guid(f7c1d36dea04718459e8ffcdc347c291) Importer(815301076,1909f56bfc062723c751e8b465ee728b)
Start importing Assets/0-floor.unity using Guid(f7c1d36dea04718459e8ffcdc347c291) Importer(815301076,1909f56bfc062723c751e8b465ee728b)  -> (artifact id: '84af6745dbef8d411b5bfb7d6f816da9') in 0.015810 seconds 
  Import took 0.017930 seconds .

========================================================================
Received Import Request.
  Time since last request: 60.302552 seconds.
  path: Packages/com.unity.ugui
  artifactKey: Guid(8f7652e09069a1943278893d4264401e) Importer(815301076,1909f56bfc062723c751e8b465ee728b)
Start importing Packages/com.unity.ugui using Guid(8f7652e09069a1943278893d4264401e) Importer(815301076,1909f56bfc062723c751e8b465ee728b)  -> (artifact id: '9be8eef517426cf4e5d1ef023f0f7cab') in 0.008350 seconds 
  Import took 0.010722 seconds .

========================================================================
Received Import Request.
  Time since last request: 0.053263 seconds.
  path: Packages/com.unity.ugui/package.json
  artifactKey: Guid(319b8889f363f5947acf209c17a94149) Importer(815301076,1909f56bfc062723c751e8b465ee728b)
Start importing Packages/com.unity.ugui/package.json using Guid(319b8889f363f5947acf209c17a94149) Importer(815301076,1909f56bfc062723c751e8b465ee728b)  -> (artifact id: '39d1f12f0f4420a8b9dea50868bbb5d0') in 0.024084 seconds 
  Import took 0.026460 seconds .

========================================================================
Received Import Request.
  Time since last request: 16.196614 seconds.
  path: Assets/README.md
  artifactKey: Guid(8a21adc7bc49f0d4699acc0e9d0fca76) Importer(815301076,1909f56bfc062723c751e8b465ee728b)
Start importing Assets/README.md using Guid(8a21adc7bc49f0d4699acc0e9d0fca76) Importer(815301076,1909f56bfc062723c751e8b465ee728b)  -> (artifact id: 'b06e61ee38aff97f4445866c3e93882c') in 0.009719 seconds 
  Import took 0.012360 seconds .

========================================================================
Received Import Request.
  Time since last request: 0.000817 seconds.
  path: Assets/README.md
  artifactKey: Guid(8a21adc7bc49f0d4699acc0e9d0fca76) Importer(815301076,1909f56bfc062723c751e8b465ee728b)
Start importing Assets/README.md using Guid(8a21adc7bc49f0d4699acc0e9d0fca76) Importer(815301076,1909f56bfc062723c751e8b465ee728b)  -> (artifact id: 'b06e61ee38aff97f4445866c3e93882c') in 0.002822 seconds 
  Import took 0.005500 seconds .

========================================================================
Received Import Request.
  Time since last request: 17.476310 seconds.
  path: Packages/com.unity.ide.visualstudio/package.json
  artifactKey: Guid(656f74f6edaa396458412b9e3903d8cd) Importer(815301076,1909f56bfc062723c751e8b465ee728b)
Start importing Packages/com.unity.ide.visualstudio/package.json using Guid(656f74f6edaa396458412b9e3903d8cd) Importer(815301076,1909f56bfc062723c751e8b465ee728b)  -> (artifact id: 'ce01f8b13dd649e633a5cb502b15c5a7') in 0.002745 seconds 
  Import took 0.005207 seconds .

========================================================================
Received Import Request.
  Time since last request: 4.174814 seconds.
  path: Packages/com.unity.ide.vscode/package.json
  artifactKey: Guid(ffc6271f08270b64ca0aae9c49235d81) Importer(815301076,1909f56bfc062723c751e8b465ee728b)
Start importing Packages/com.unity.ide.vscode/package.json using Guid(ffc6271f08270b64ca0aae9c49235d81) Importer(815301076,1909f56bfc062723c751e8b465ee728b)  -> (artifact id: '121f7f00aee585d875a77b1339ac65f1') in 0.002411 seconds 
  Import took 0.004594 seconds .

========================================================================
Received Import Request.
  Time since last request: 3.295559 seconds.
  path: Packages/com.unity.ide.vscode/Editor
  artifactKey: Guid(58628227479c34542ac8c5193ccced84) Importer(815301076,1909f56bfc062723c751e8b465ee728b)
Start importing Packages/com.unity.ide.vscode/Editor using Guid(58628227479c34542ac8c5193ccced84) Importer(815301076,1909f56bfc062723c751e8b465ee728b)  -> (artifact id: '82cea51021df8205a196c318fd8372e8') in 0.007125 seconds 
  Import took 0.009628 seconds .

========================================================================
Received Import Request.
  Time since last request: 0.035124 seconds.
  path: Packages/com.unity.ide.vscode/Editor/Unity.com.unity.vscode.Editor.asmdef
  artifactKey: Guid(8b845b123ab418448a8be2935fa804e0) Importer(815301076,1909f56bfc062723c751e8b465ee728b)
Start importing Packages/com.unity.ide.vscode/Editor/Unity.com.unity.vscode.Editor.asmdef using Guid(8b845b123ab418448a8be2935fa804e0) Importer(815301076,1909f56bfc062723c751e8b465ee728b)  -> (artifact id: '52b6ef3f135b63af18b6fbbe340ded76') in 0.008011 seconds 
  Import took 0.010219 seconds .

========================================================================
Received Import Request.
  Time since last request: 6.863292 seconds.
  path: Packages/com.unity.ide.vscode/Editor/ProjectGeneration
  artifactKey: Guid(c779d3735d950f341ba35154e8b3234b) Importer(815301076,1909f56bfc062723c751e8b465ee728b)
Start importing Packages/com.unity.ide.vscode/Editor/ProjectGeneration using Guid(c779d3735d950f341ba35154e8b3234b) Importer(815301076,1909f56bfc062723c751e8b465ee728b)  -> (artifact id: '353b4c12077709bbb16db647ee46b5bd') in 0.007681 seconds 
  Import took 0.010139 seconds .

========================================================================
Received Import Request.
  Time since last request: 34.630230 seconds.
  path: Assets/New Scene.unity
  artifactKey: Guid(31b5be2c829f1d14a84a81bec3025941) Importer(815301076,1909f56bfc062723c751e8b465ee728b)
Start importing Assets/New Scene.unity using Guid(31b5be2c829f1d14a84a81bec3025941) Importer(815301076,1909f56bfc062723c751e8b465ee728b)  -> (artifact id: '13fee26c20757576164f892a4837c126') in 0.008739 seconds 
  Import took 0.011208 seconds .

========================================================================
Received Import Request.
  Time since last request: 59.294610 seconds.
  path: Assets
  artifactKey: Guid(00000000000000001000000000000000) Importer(815301076,1909f56bfc062723c751e8b465ee728b)
Start importing Assets using Guid(00000000000000001000000000000000) Importer(815301076,1909f56bfc062723c751e8b465ee728b)  -> (artifact id: '42d402b061de3733987d63b9cc3b64de') in 0.007783 seconds 
  Import took 0.010459 seconds .

========================================================================
Received Import Request.
  Time since last request: 58.885724 seconds.
  path: Assets/0-floor.unity
  artifactKey: Guid(f7c1d36dea04718459e8ffcdc347c291) Importer(815301076,1909f56bfc062723c751e8b465ee728b)
Start importing Assets/0-floor.unity using Guid(f7c1d36dea04718459e8ffcdc347c291) Importer(815301076,1909f56bfc062723c751e8b465ee728b)  -> (artifact id: 'e024268e74e440eaf7eb247bc729be5a') in 0.002479 seconds 
  Import took 0.005284 seconds .

========================================================================
Received Import Request.
  Time since last request: 28.059198 seconds.
  path: Assets/0-floor 1.unity
  artifactKey: Guid(0b5504ec9f6c0c945a2317488acd647d) Importer(815301076,1909f56bfc062723c751e8b465ee728b)
Start importing Assets/0-floor 1.unity using Guid(0b5504ec9f6c0c945a2317488acd647d) Importer(815301076,1909f56bfc062723c751e8b465ee728b)  -> (artifact id: '401c12d18e6f3ab5c7804aa5feb3f233') in 0.008982 seconds 
  Import took 0.011199 seconds .

========================================================================
Received Import Request.
  Time since last request: 22.654217 seconds.
  path: Assets/1-ball.unity
  artifactKey: Guid(0b5504ec9f6c0c945a2317488acd647d) Importer(815301076,1909f56bfc062723c751e8b465ee728b)
Start importing Assets/1-ball.unity using Guid(0b5504ec9f6c0c945a2317488acd647d) Importer(815301076,1909f56bfc062723c751e8b465ee728b)  -> (artifact id: 'dc5873c59bed7985753e63159002cbec') in 0.008293 seconds 
  Import took 0.010704 seconds .

========================================================================
Received Import Request.
  Time since last request: 0.000723 seconds.
  path: Assets/1-ball.unity
  artifactKey: Guid(0b5504ec9f6c0c945a2317488acd647d) Importer(815301076,1909f56bfc062723c751e8b465ee728b)
Start importing Assets/1-ball.unity using Guid(0b5504ec9f6c0c945a2317488acd647d) Importer(815301076,1909f56bfc062723c751e8b465ee728b)  -> (artifact id: 'dc5873c59bed7985753e63159002cbec') in 0.002986 seconds 
  Import took 0.005595 seconds .

========================================================================
Received Import Request.
  Time since last request: 77.736630 seconds.
  path: Assets/1-ball.unity
  artifactKey: Guid(0b5504ec9f6c0c945a2317488acd647d) Importer(815301076,1909f56bfc062723c751e8b465ee728b)
Start importing Assets/1-ball.unity using Guid(0b5504ec9f6c0c945a2317488acd647d) Importer(815301076,1909f56bfc062723c751e8b465ee728b)  -> (artifact id: '8ad9fff94a6031aa3e7db38c355129d0') in 0.006531 seconds 
  Import took 0.008739 seconds .

========================================================================
Received Import Request.
  Time since last request: 34.743019 seconds.
  path: Assets/1-ball 1.unity
  artifactKey: Guid(709ce3ccba4b5bc4f839f6d1076f75b0) Importer(815301076,1909f56bfc062723c751e8b465ee728b)
Start importing Assets/1-ball 1.unity using Guid(709ce3ccba4b5bc4f839f6d1076f75b0) Importer(815301076,1909f56bfc062723c751e8b465ee728b)  -> (artifact id: '8776b4c71ba44a3af1de9f449adb6e3e') in 0.007861 seconds 
  Import took 0.010213 seconds .

========================================================================
Received Import Request.
  Time since last request: 15.659692 seconds.
  path: Assets/2-colors.unity
  artifactKey: Guid(709ce3ccba4b5bc4f839f6d1076f75b0) Importer(815301076,1909f56bfc062723c751e8b465ee728b)
Start importing Assets/2-colors.unity using Guid(709ce3ccba4b5bc4f839f6d1076f75b0) Importer(815301076,1909f56bfc062723c751e8b465ee728b)  -> (artifact id: '854050c9884eb5885c42362d7a50276a') in 0.008361 seconds 
  Import took 0.011071 seconds .

========================================================================
Received Import Request.
  Time since last request: 0.000760 seconds.
  path: Assets/2-colors.unity
  artifactKey: Guid(709ce3ccba4b5bc4f839f6d1076f75b0) Importer(815301076,1909f56bfc062723c751e8b465ee728b)
Start importing Assets/2-colors.unity using Guid(709ce3ccba4b5bc4f839f6d1076f75b0) Importer(815301076,1909f56bfc062723c751e8b465ee728b)  -> (artifact id: '854050c9884eb5885c42362d7a50276a') in 0.003396 seconds 
  Import took 0.006075 seconds .

========================================================================
Received Import Request.
  Time since last request: 96.393734 seconds.
  path: Assets/Materials
  artifactKey: Guid(be1491ce359b0c54dbb7d2dbb504610f) Importer(815301076,1909f56bfc062723c751e8b465ee728b)
Start importing Assets/Materials using Guid(be1491ce359b0c54dbb7d2dbb504610f) Importer(815301076,1909f56bfc062723c751e8b465ee728b)  -> (artifact id: '24941d858ff77b197b44e589430c9806') in 0.007399 seconds 
  Import took 0.009885 seconds .

========================================================================
Received Import Request.
  Time since last request: 17.448603 seconds.
  path: Assets/floor.mat
  artifactKey: Guid(1e538b61d67a1ef42b02c289abbe3ee7) Importer(815301076,1909f56bfc062723c751e8b465ee728b)
Start importing Assets/floor.mat using Guid(1e538b61d67a1ef42b02c289abbe3ee7) Importer(815301076,1909f56bfc062723c751e8b465ee728b)  -> (artifact id: 'aca83025501c20e6838df630f6041b9b') in 0.147665 seconds 
  Import took 0.150272 seconds .

========================================================================
Received Import Request.
  Time since last request: 175.466875 seconds.
  path: Assets/Materials/floor.mat
  artifactKey: Guid(1e538b61d67a1ef42b02c289abbe3ee7) Importer(815301076,1909f56bfc062723c751e8b465ee728b)
Start importing Assets/Materials/floor.mat using Guid(1e538b61d67a1ef42b02c289abbe3ee7) Importer(815301076,1909f56bfc062723c751e8b465ee728b)  -> (artifact id: 'f84979c2c70b908601dfe7f74ec8195f') in 0.014310 seconds 
  Import took 0.017079 seconds .

========================================================================
Received Import Request.
  Time since last request: 51.698229 seconds.
  path: Assets/Materials/ball.mat
  artifactKey: Guid(d5b3506d0c5b90d478f9946b6095e04d) Importer(815301076,1909f56bfc062723c751e8b465ee728b)
Start importing Assets/Materials/ball.mat using Guid(d5b3506d0c5b90d478f9946b6095e04d) Importer(815301076,1909f56bfc062723c751e8b465ee728b)  -> (artifact id: '80bfc5be9154e7122b5a02f4f50d1afc') in 0.016052 seconds 
  Import took 0.019059 seconds .

========================================================================
Received Import Request.
  Time since last request: 116.820688 seconds.
  path: Assets/2-colors 1.unity
  artifactKey: Guid(490f891aa25fb8643afb61e14f379ee4) Importer(815301076,1909f56bfc062723c751e8b465ee728b)
Start importing Assets/2-colors 1.unity using Guid(490f891aa25fb8643afb61e14f379ee4) Importer(815301076,1909f56bfc062723c751e8b465ee728b)  -> (artifact id: '219819252200d6c8c7d3bfe1daf7a833') in 0.007871 seconds 
  Import took 0.010472 seconds .

========================================================================
Received Import Request.
  Time since last request: 10.920555 seconds.
  path: Assets/3-gravity.unity
  artifactKey: Guid(490f891aa25fb8643afb61e14f379ee4) Importer(815301076,1909f56bfc062723c751e8b465ee728b)
Start importing Assets/3-gravity.unity using Guid(490f891aa25fb8643afb61e14f379ee4) Importer(815301076,1909f56bfc062723c751e8b465ee728b)  -> (artifact id: 'fbb50cba31c1f8bddc0dfcacbb03783c') in 0.006381 seconds 
  Import took 0.008965 seconds .

========================================================================
Received Import Request.
  Time since last request: 9.759365 seconds.
  path: Assets/2-colors.unity
  artifactKey: Guid(709ce3ccba4b5bc4f839f6d1076f75b0) Importer(815301076,1909f56bfc062723c751e8b465ee728b)
Start importing Assets/2-colors.unity using Guid(709ce3ccba4b5bc4f839f6d1076f75b0) Importer(815301076,1909f56bfc062723c751e8b465ee728b)  -> (artifact id: '5810cbb9039891e486f3e3c342a5b1fa') in 0.002600 seconds 
  Import took 0.005313 seconds .

========================================================================
Received Prepare
Registering precompiled user dll's ...
Registered in 0.002894 seconds.
Begin MonoManager ReloadAssembly
Native extension for WindowsStandalone target not found
Native extension for WebGL target not found
Refreshing native plugins compatible for Editor in 0.27 ms, found 2 plugins.
Preloading 0 native plugins for Editor in 0.00 ms.
Mono: successfully reloaded assembly
- Completed reload, in  0.884 seconds
Domain Reload Profiling:
	ReloadAssembly (884ms)
		BeginReloadAssembly (99ms)
			ExecutionOrderSort (0ms)
			DisableScriptedObjects (4ms)
			BackupInstance (0ms)
			ReleaseScriptingObjects (0ms)
			CreateAndSetChildDomain (31ms)
		EndReloadAssembly (722ms)
			LoadAssemblies (77ms)
			RebuildTransferFunctionScriptingTraits (0ms)
			SetupTypeCache (258ms)
			ReleaseScriptCaches (1ms)
			RebuildScriptCaches (35ms)
			SetupLoadedEditorAssemblies (261ms)
				LogAssemblyErrors (0ms)
				InitializePlatformSupportModulesInManaged (6ms)
				SetLoadedEditorAssemblies (0ms)
				RefreshPlugins (0ms)
				BeforeProcessingInitializeOnLoad (44ms)
				ProcessInitializeOnLoadAttributes (201ms)
				ProcessInitializeOnLoadMethodAttributes (3ms)
				AfterProcessingInitializeOnLoad (5ms)
				EditorAssembliesLoaded (0ms)
			ExecutionOrderSort2 (0ms)
			AwakeInstancesAfterBackupRestoration (6ms)
Platform modules already initialized, skipping
Refreshing native plugins compatible for Editor in 0.33 ms, found 2 plugins.
Preloading 0 native plugins for Editor in 0.00 ms.
Unloading 1384 Unused Serialized files (Serialized files now loaded: 0)
System memory in use before: 67.9 MB.
System memory in use after: 68.0 MB.

Unloading 13 unused Assets to reduce memory usage. Loaded Objects now: 1867.
Total: 2.415100 ms (FindLiveObjects: 0.228800 ms CreateObjectMapping: 0.068900 ms MarkObjects: 2.088100 ms  DeleteObjects: 0.028000 ms)

AssetImportParameters requested are different than current active one (requested -> active):
  custom:framework-win-MediaFoundation: 216162199b28c13a410421893ffa2e32 -> 
  custom:video-decoder-ogg-theora: a1e56fd34408186e4bbccfd4996cb3dc -> 
  custom:container-muxer-webm: aa71ff27fc2769a1b78a27578f13a17b -> 
  custom:container-demuxer-webm: 4f35f7cbe854078d1ac9338744f61a02 -> 
  custom:container-demuxer-ogg: 62fdf1f143b41e24485cea50d1cbac27 -> 
  custom:video-encoder-webm-vp8: eb34c28f22e8b96e1ab97ce403110664 -> 
  custom:video-codec-MediaFoundation-h265: 746d11721c4dcdbdad8f713fa42b33f4 -> 
  custom:video-decoder-webm-vp8: 9c59270c3fd7afecdb556c50c9e8de78 -> 
  custom:audio-decoder-ogg-vorbis: bf7c407c2cedff20999df2af8eb42d56 -> 
  custom:audio-encoder-webm-vorbis: bf7c407c2cedff20999df2af8eb42d56 -> 
========================================================================
Received Import Request.
  Time since last request: 222.337377 seconds.
  path: Assets/Materials/ball.mat
  artifactKey: Guid(d5b3506d0c5b90d478f9946b6095e04d) Importer(815301076,1909f56bfc062723c751e8b465ee728b)
Start importing Assets/Materials/ball.mat using Guid(d5b3506d0c5b90d478f9946b6095e04d) Importer(815301076,1909f56bfc062723c751e8b465ee728b)  -> (artifact id: '7427c3a3efee6e124d30f8c721269a3e') in 0.104614 seconds 
  Import took 0.107546 seconds .

========================================================================
Received Import Request.
  Time since last request: 48.871165 seconds.
  path: Assets/Materials/New SceneTemplate.scenetemplate
  artifactKey: Guid(bc706a25e8f98ea4c9f69434fa31ae91) Importer(815301076,1909f56bfc062723c751e8b465ee728b)
Start importing Assets/Materials/New SceneTemplate.scenetemplate using Guid(bc706a25e8f98ea4c9f69434fa31ae91) Importer(815301076,1909f56bfc062723c751e8b465ee728b)  -> (artifact id: 'e7db0e541318b37f286140d197e9df8b') in 0.011657 seconds 
  Import took 0.013952 seconds .

========================================================================
Received Import Request.
  Time since last request: 0.002772 seconds.
  path: Assets/Materials/New SceneTemplate.scenetemplate
  artifactKey: Guid(bc706a25e8f98ea4c9f69434fa31ae91) Importer(815301076,1909f56bfc062723c751e8b465ee728b)
Start importing Assets/Materials/New SceneTemplate.scenetemplate using Guid(bc706a25e8f98ea4c9f69434fa31ae91) Importer(815301076,1909f56bfc062723c751e8b465ee728b)  -> (artifact id: 'e7db0e541318b37f286140d197e9df8b') in 0.004710 seconds 
  Import took 0.007714 seconds .

========================================================================
Received Import Request.
  Time since last request: 174.661415 seconds.
  path: Assets/3-gravity.unity
  artifactKey: Guid(490f891aa25fb8643afb61e14f379ee4) Importer(815301076,1909f56bfc062723c751e8b465ee728b)
Start importing Assets/3-gravity.unity using Guid(490f891aa25fb8643afb61e14f379ee4) Importer(815301076,1909f56bfc062723c751e8b465ee728b)  -> (artifact id: 'b8f1386a69e5425381a79a47ecff09b0') in 0.003734 seconds 
  Import took 0.006281 seconds .

========================================================================
Received Prepare
Registering precompiled user dll's ...
Registered in 0.003057 seconds.
Begin MonoManager ReloadAssembly
Native extension for WindowsStandalone target not found
Native extension for WebGL target not found
Refreshing native plugins compatible for Editor in 0.38 ms, found 2 plugins.
Preloading 0 native plugins for Editor in 0.00 ms.
Mono: successfully reloaded assembly
- Completed reload, in  0.886 seconds
Domain Reload Profiling:
	ReloadAssembly (886ms)
		BeginReloadAssembly (106ms)
			ExecutionOrderSort (0ms)
			DisableScriptedObjects (4ms)
			BackupInstance (0ms)
			ReleaseScriptingObjects (0ms)
			CreateAndSetChildDomain (31ms)
		EndReloadAssembly (723ms)
			LoadAssemblies (79ms)
			RebuildTransferFunctionScriptingTraits (0ms)
			SetupTypeCache (257ms)
			ReleaseScriptCaches (1ms)
			RebuildScriptCaches (40ms)
			SetupLoadedEditorAssemblies (254ms)
				LogAssemblyErrors (0ms)
				InitializePlatformSupportModulesInManaged (6ms)
				SetLoadedEditorAssemblies (0ms)
				RefreshPlugins (0ms)
				BeforeProcessingInitializeOnLoad (46ms)
				ProcessInitializeOnLoadAttributes (193ms)
				ProcessInitializeOnLoadMethodAttributes (3ms)
				AfterProcessingInitializeOnLoad (5ms)
				EditorAssembliesLoaded (0ms)
			ExecutionOrderSort2 (0ms)
			AwakeInstancesAfterBackupRestoration (6ms)
Platform modules already initialized, skipping
Refreshing native plugins compatible for Editor in 0.29 ms, found 2 plugins.
Preloading 0 native plugins for Editor in 0.00 ms.
Unloading 1384 Unused Serialized files (Serialized files now loaded: 0)
System memory in use before: 67.9 MB.
System memory in use after: 68.0 MB.

Unloading 13 unused Assets to reduce memory usage. Loaded Objects now: 1871.
Total: 2.379700 ms (FindLiveObjects: 0.227700 ms CreateObjectMapping: 0.051000 ms MarkObjects: 2.068900 ms  DeleteObjects: 0.030000 ms)

AssetImportParameters requested are different than current active one (requested -> active):
  custom:framework-win-MediaFoundation: 216162199b28c13a410421893ffa2e32 -> 
  custom:video-decoder-ogg-theora: a1e56fd34408186e4bbccfd4996cb3dc -> 
  custom:container-muxer-webm: aa71ff27fc2769a1b78a27578f13a17b -> 
  custom:container-demuxer-webm: 4f35f7cbe854078d1ac9338744f61a02 -> 
  custom:container-demuxer-ogg: 62fdf1f143b41e24485cea50d1cbac27 -> 
  custom:video-encoder-webm-vp8: eb34c28f22e8b96e1ab97ce403110664 -> 
  custom:video-codec-MediaFoundation-h265: 746d11721c4dcdbdad8f713fa42b33f4 -> 
  custom:video-decoder-webm-vp8: 9c59270c3fd7afecdb556c50c9e8de78 -> 
  custom:audio-decoder-ogg-vorbis: bf7c407c2cedff20999df2af8eb42d56 -> 
  custom:audio-encoder-webm-vorbis: bf7c407c2cedff20999df2af8eb42d56 -> 
